<?xml version="1.0" encoding="UTF-8"?>
<!-- Generated by org.testng.reporters.JUnitXMLReporter -->
<testsuite ignored="0" hostname="DESKTOP-26QQ3F7" failures="0" tests="10" name="Test" time="9.475" errors="0" timestamp="2022-04-01T21:18:56 IST">
  <testcase classname="Telus.Assessment.UIAutomation" name="openbrowser" time="6.46"/>
  <testcase classname="Telus.Assessment.UIAutomation" name="checknull" time="0.174"/>
  <testcase classname="Telus.Assessment.UIAutomation" name="enter2char" time="0.432"/>
  <testcase classname="Telus.Assessment.UIAutomation" name="enter101char" time="0.513"/>
  <testcase classname="Telus.Assessment.CheckFlexibleField" name="checkedCheckbox" time="0.459"/>
  <testcase classname="Telus.Assessment.CheckFlexibleField" name="Uncheckcheckbox" time="0.29"/>
  <testcase classname="Telus.Assessment.CheckFlexibleField" name="availabilityInCh" time="0.293"/>
  <testcase classname="Telus.Assessment.CheckFlexibleField" name="availabilityInNum" time="0.253"/>
  <testcase classname="Telus.Assessment.EmailValidation" name="IncorrectEmailID" time="0.226"/>
  <testcase classname="Telus.Assessment.EmailValidation" name="correctEmailID" time="0.271"/>
</testsuite> <!-- Test -->
