<?xml version="1.0" encoding="UTF-8"?>
<!-- Generated by org.testng.reporters.JUnitXMLReporter -->
<testsuite ignored="1" hostname="DESKTOP-26QQ3F7" failures="0" tests="3" name="Default test" time="6.319" errors="0" timestamp="2022-04-01T20:58:22 IST">
  <testcase classname="Telus.Assessment.UIAutomation" name="openbrowser" time="5.625"/>
  <testcase classname="Telus.Assessment.UIAutomation" name="checknull" time="0.176"/>
  <testcase classname="Telus.Assessment.UIAutomation" name="enter2char" time="0.439"/>
  <testcase classname="Telus.Assessment.UIAutomation" name="enter101char" time="0.0">
    <ignored/>
  </testcase> <!-- enter101char -->
</testsuite> <!-- Default test -->
