<?xml version="1.0" encoding="UTF-8"?>
<testng-results ignored="0" total="2" passed="2" failed="0" skipped="0">
  <reporter-output>
  </reporter-output>
  <suite started-at="2022-03-16T20:31:08 IST" name="Default suite" finished-at="2022-03-16T20:31:14 IST" duration-ms="5823">
    <groups>
    </groups>
    <test started-at="2022-03-16T20:31:08 IST" name="Default test" finished-at="2022-03-16T20:31:14 IST" duration-ms="5823">
      <class name="Telus.Assessment.RegistrationForm">
        <test-method signature="ValidatingEmail()[pri:1, instance:Telus.Assessment.RegistrationForm@4f209819]" started-at="2022-03-16T20:31:08 IST" name="ValidatingEmail" finished-at="2022-03-16T20:31:12 IST" duration-ms="3495" status="PASS">
          <reporter-output>
          </reporter-output>
        </test-method> <!-- ValidatingEmail -->
        <test-method signature="CheckAvailability()[pri:2, instance:Telus.Assessment.RegistrationForm@4f209819]" started-at="2022-03-16T20:31:12 IST" name="CheckAvailability" finished-at="2022-03-16T20:31:14 IST" duration-ms="2254" status="PASS">
          <reporter-output>
          </reporter-output>
        </test-method> <!-- CheckAvailability -->
      </class> <!-- Telus.Assessment.RegistrationForm -->
    </test> <!-- Default test -->
  </suite> <!-- Default suite -->
</testng-results>
