<?xml version="1.0" encoding="UTF-8"?>
<testng-results ignored="0" total="10" passed="10" failed="0" skipped="0">
  <reporter-output>
  </reporter-output>
  <suite started-at="2022-04-01T21:18:47 IST" name="Suite" finished-at="2022-04-01T21:18:56 IST" duration-ms="9475">
    <groups>
    </groups>
    <test started-at="2022-04-01T21:18:47 IST" name="Test" finished-at="2022-04-01T21:18:56 IST" duration-ms="9475">
      <class name="Telus.Assessment.EmailValidation">
        <test-method signature="openbrowser()[pri:0, instance:Telus.Assessment.EmailValidation@243c4f91]" started-at="2022-04-01T21:18:47 IST" name="openbrowser" finished-at="2022-04-01T21:18:53 IST" duration-ms="6460" status="PASS">
          <reporter-output>
          </reporter-output>
        </test-method> <!-- openbrowser -->
        <test-method signature="checknull()[pri:0, instance:Telus.Assessment.EmailValidation@243c4f91]" started-at="2022-04-01T21:18:53 IST" name="checknull" finished-at="2022-04-01T21:18:53 IST" depends-on-methods="Telus.Assessment.UIAutomation.openbrowser" duration-ms="174" status="PASS">
          <reporter-output>
          </reporter-output>
        </test-method> <!-- checknull -->
        <test-method signature="enter2char()[pri:0, instance:Telus.Assessment.EmailValidation@243c4f91]" started-at="2022-04-01T21:18:53 IST" name="enter2char" finished-at="2022-04-01T21:18:54 IST" depends-on-methods="Telus.Assessment.UIAutomation.checknull" duration-ms="432" status="PASS">
          <reporter-output>
          </reporter-output>
        </test-method> <!-- enter2char -->
        <test-method signature="enter101char()[pri:0, instance:Telus.Assessment.EmailValidation@243c4f91]" started-at="2022-04-01T21:18:54 IST" name="enter101char" finished-at="2022-04-01T21:18:54 IST" depends-on-methods="Telus.Assessment.UIAutomation.enter2char" duration-ms="513" status="PASS">
          <reporter-output>
          </reporter-output>
        </test-method> <!-- enter101char -->
        <test-method signature="checkedCheckbox()[pri:0, instance:Telus.Assessment.EmailValidation@243c4f91]" started-at="2022-04-01T21:18:54 IST" name="checkedCheckbox" finished-at="2022-04-01T21:18:55 IST" depends-on-methods="Telus.Assessment.UIAutomation.enter101char" duration-ms="459" status="PASS">
          <reporter-output>
          </reporter-output>
        </test-method> <!-- checkedCheckbox -->
        <test-method signature="Uncheckcheckbox()[pri:0, instance:Telus.Assessment.EmailValidation@243c4f91]" started-at="2022-04-01T21:18:55 IST" name="Uncheckcheckbox" finished-at="2022-04-01T21:18:55 IST" depends-on-methods="Telus.Assessment.CheckFlexibleField.checkedCheckbox" duration-ms="290" status="PASS">
          <reporter-output>
          </reporter-output>
        </test-method> <!-- Uncheckcheckbox -->
        <test-method signature="availabilityInCh()[pri:0, instance:Telus.Assessment.EmailValidation@243c4f91]" started-at="2022-04-01T21:18:55 IST" name="availabilityInCh" finished-at="2022-04-01T21:18:55 IST" depends-on-methods="Telus.Assessment.CheckFlexibleField.Uncheckcheckbox" duration-ms="293" status="PASS">
          <reporter-output>
          </reporter-output>
        </test-method> <!-- availabilityInCh -->
        <test-method signature="availabilityInNum()[pri:0, instance:Telus.Assessment.EmailValidation@243c4f91]" started-at="2022-04-01T21:18:55 IST" name="availabilityInNum" finished-at="2022-04-01T21:18:56 IST" depends-on-methods="Telus.Assessment.CheckFlexibleField.availabilityInCh" duration-ms="253" status="PASS">
          <reporter-output>
          </reporter-output>
        </test-method> <!-- availabilityInNum -->
        <test-method signature="IncorrectEmailID()[pri:0, instance:Telus.Assessment.EmailValidation@243c4f91]" started-at="2022-04-01T21:18:56 IST" name="IncorrectEmailID" finished-at="2022-04-01T21:18:56 IST" depends-on-methods="Telus.Assessment.CheckFlexibleField.availabilityInNum" duration-ms="226" status="PASS">
          <reporter-output>
          </reporter-output>
        </test-method> <!-- IncorrectEmailID -->
        <test-method signature="correctEmailID()[pri:0, instance:Telus.Assessment.EmailValidation@243c4f91]" started-at="2022-04-01T21:18:56 IST" name="correctEmailID" finished-at="2022-04-01T21:18:56 IST" depends-on-methods="Telus.Assessment.EmailValidation.IncorrectEmailID" duration-ms="271" status="PASS">
          <reporter-output>
          </reporter-output>
        </test-method> <!-- correctEmailID -->
      </class> <!-- Telus.Assessment.EmailValidation -->
    </test> <!-- Test -->
  </suite> <!-- Suite -->
</testng-results>
